# JRE version: OpenJDK Runtime Environment JBR-17.0.10+8-1207.12-jcef (17.0.10+8) (build 17.0.10+8-b1207.12)
# Java VM: OpenJDK 64-Bit Server VM JBR-17.0.10+8-1207.12-jcef (17.0.10+8-b1207.12, mixed mode, tiered, compressed oops, compressed class ptrs, g1 gc, bsd-aarch64)
GC Precious Log:
 CPUs: 12 total, 12 available
 Memory: 65536M
 Large Page Support: Disabled
 NUMA Support: Disabled
 Compressed Oops: Enabled (Zero based)
 Heap Region Size: 2M
 Heap Min Capacity: 128M
 Heap Initial Capacity: 128M
 Heap Max Capacity: 4G
 Pre-touch: Disabled
 Parallel Workers: 10
 Concurrent Workers: 3
 Concurrent Refinement Workers: 10
 Periodic GC: Disabled
Heap:
 garbage-first heap   total 884736K, used 526423K [0x0000000700000000, 0x0000000800000000)
  region size 2048K, 2 young (4096K), 1 survivors (2048K)
 Metaspace       used 303417K, committed 309120K, reserved 1376256K
  class space    used 38689K, committed 40832K, reserved 1048576K
GC Heap History (20 events):
Event: 173607.086 GC heap before
{Heap before GC invocations=1339 (full 0):
 garbage-first heap   total 679936K, used 605888K [0x0000000700000000, 0x0000000800000000)
  region size 2048K, 31 young (63488K), 1 survivors (2048K)
 Metaspace       used 304901K, committed 309056K, reserved 1376256K
  class space    used 39036K, committed 40832K, reserved 1048576K
}
Event: 173607.086 GC heap after
{Heap after GC invocations=1340 (full 0):
 garbage-first heap   total 679936K, used 544449K [0x0000000700000000, 0x0000000800000000)
  region size 2048K, 1 young (2048K), 1 survivors (2048K)
 Metaspace       used 304901K, committed 309056K, reserved 1376256K
  class space    used 39036K, committed 40832K, reserved 1048576K
}
Event: 173607.106 GC heap before
{Heap before GC invocations=1340 (full 0):
 garbage-first heap   total 679936K, used 605889K [0x0000000700000000, 0x0000000800000000)
  region size 2048K, 31 young (63488K), 1 survivors (2048K)
 Metaspace       used 304901K, committed 309056K, reserved 1376256K
  class space    used 39036K, committed 40832K, reserved 1048576K
}
Event: 173607.107 GC heap after
{Heap after GC invocations=1341 (full 0):
 garbage-first heap   total 679936K, used 544453K [0x0000000700000000, 0x0000000800000000)
  region size 2048K, 1 young (2048K), 1 survivors (2048K)
 Metaspace       used 304901K, committed 309056K, reserved 1376256K
  class space    used 39036K, committed 40832K, reserved 1048576K
}
Event: 173607.143 GC heap before
{Heap before GC invocations=1341 (full 0):
 garbage-first heap   total 679936K, used 603845K [0x0000000700000000, 0x0000000800000000)
  region size 2048K, 31 young (63488K), 1 survivors (2048K)
 Metaspace       used 304901K, committed 309056K, reserved 1376256K
  class space    used 39036K, committed 40832K, reserved 1048576K
}
Event: 173607.144 GC heap after
{Heap after GC invocations=1342 (full 0):
 garbage-first heap   total 679936K, used 544839K [0x0000000700000000, 0x0000000800000000)
  region size 2048K, 1 young (2048K), 1 survivors (2048K)
 Metaspace       used 304901K, committed 309056K, reserved 1376256K
  class space    used 39036K, committed 40832K, reserved 1048576K
}
Event: 173624.077 GC heap before
{Heap before GC invocations=1342 (full 0):
 garbage-first heap   total 679936K, used 628807K [0x0000000700000000, 0x0000000800000000)
  region size 2048K, 31 young (63488K), 1 survivors (2048K)
 Metaspace       used 304903K, committed 309056K, reserved 1376256K
  class space    used 39036K, committed 40832K, reserved 1048576K
}
Event: 173624.081 GC heap after
{Heap after GC invocations=1343 (full 0):
 garbage-first heap   total 679936K, used 548574K [0x0000000700000000, 0x0000000800000000)
  region size 2048K, 1 young (2048K), 1 survivors (2048K)
 Metaspace       used 304903K, committed 309056K, reserved 1376256K
  class space    used 39036K, committed 40832K, reserved 1048576K
}
Event: 173706.892 GC heap before
{Heap before GC invocations=1343 (full 0):
 garbage-first heap   total 679936K, used 605918K [0x0000000700000000, 0x0000000800000000)
  region size 2048K, 29 young (59392K), 1 survivors (2048K)
 Metaspace       used 304903K, committed 309056K, reserved 1376256K
  class space    used 39036K, committed 40832K, reserved 1048576K
}
Event: 173706.896 GC heap after
{Heap after GC invocations=1344 (full 0):
 garbage-first heap   total 679936K, used 548760K [0x0000000700000000, 0x0000000800000000)
  region size 2048K, 1 young (2048K), 1 survivors (2048K)
 Metaspace       used 304903K, committed 309056K, reserved 1376256K
  class space    used 39036K, committed 40832K, reserved 1048576K
}
Event: 173792.044 GC heap before
{Heap before GC invocations=1344 (full 0):
 garbage-first heap   total 679936K, used 606104K [0x0000000700000000, 0x0000000800000000)
  region size 2048K, 29 young (59392K), 1 survivors (2048K)
 Metaspace       used 304903K, committed 309056K, reserved 1376256K
  class space    used 39036K, committed 40832K, reserved 1048576K
}
Event: 173792.049 GC heap after
{Heap after GC invocations=1345 (full 0):
 garbage-first heap   total 679936K, used 548942K [0x0000000700000000, 0x0000000800000000)
  region size 2048K, 1 young (2048K), 1 survivors (2048K)
 Metaspace       used 304903K, committed 309056K, reserved 1376256K
  class space    used 39036K, committed 40832K, reserved 1048576K
}
Event: 173838.484 GC heap before
{Heap before GC invocations=1345 (full 0):
 garbage-first heap   total 679936K, used 606286K [0x0000000700000000, 0x0000000800000000)
  region size 2048K, 29 young (59392K), 1 survivors (2048K)
 Metaspace       used 304903K, committed 309056K, reserved 1376256K
  class space    used 39036K, committed 40832K, reserved 1048576K
}
Event: 173838.489 GC heap after
{Heap after GC invocations=1346 (full 0):
 garbage-first heap   total 679936K, used 548991K [0x0000000700000000, 0x0000000800000000)
  region size 2048K, 1 young (2048K), 1 survivors (2048K)
 Metaspace       used 304903K, committed 309056K, reserved 1376256K
  class space    used 39036K, committed 40832K, reserved 1048576K
}
Event: 173865.200 GC heap before
{Heap before GC invocations=1346 (full 0):
 garbage-first heap   total 679936K, used 606335K [0x0000000700000000, 0x0000000800000000)
  region size 2048K, 29 young (59392K), 1 survivors (2048K)
 Metaspace       used 304903K, committed 309056K, reserved 1376256K
  class space    used 39036K, committed 40832K, reserved 1048576K
}
Event: 173865.205 GC heap after
{Heap after GC invocations=1347 (full 0):
 garbage-first heap   total 679936K, used 548773K [0x0000000700000000, 0x0000000800000000)
  region size 2048K, 1 young (2048K), 1 survivors (2048K)
 Metaspace       used 304903K, committed 309056K, reserved 1376256K
  class space    used 39036K, committed 40832K, reserved 1048576K
}
Event: 173950.848 GC heap before
{Heap before GC invocations=1347 (full 0):
 garbage-first heap   total 679936K, used 606117K [0x0000000700000000, 0x0000000800000000)
  region size 2048K, 29 young (59392K), 1 survivors (2048K)
 Metaspace       used 304903K, committed 309056K, reserved 1376256K
  class space    used 39036K, committed 40832K, reserved 1048576K
}
Event: 173950.854 GC heap after
{Heap after GC invocations=1348 (full 0):
 garbage-first heap   total 679936K, used 548855K [0x0000000700000000, 0x0000000800000000)
  region size 2048K, 1 young (2048K), 1 survivors (2048K)
 Metaspace       used 304903K, committed 309056K, reserved 1376256K
  class space    used 39036K, committed 40832K, reserved 1048576K
}
Event: 174008.811 GC heap before
{Heap before GC invocations=1348 (full 0):
 garbage-first heap   total 679936K, used 585719K [0x0000000700000000, 0x0000000800000000)
  region size 2048K, 20 young (40960K), 1 survivors (2048K)
 Metaspace       used 304910K, committed 309056K, reserved 1376256K
  class space    used 39036K, committed 40832K, reserved 1048576K
}
Event: 174008.820 GC heap after
{Heap after GC invocations=1349 (full 0):
 garbage-first heap   total 679936K, used 548951K [0x0000000700000000, 0x0000000800000000)
  region size 2048K, 1 young (2048K), 1 survivors (2048K)
 Metaspace       used 304910K, committed 309056K, reserved 1376256K
  class space    used 39036K, committed 40832K, reserved 1048576K
}

